The system is: Windows - 10.0.19045 - AMD64
Compiling the CXX compiler identification source file "CMakeCXXCompilerId.cpp" succeeded.
Compiler: C:/Program Files/Microsoft Visual Studio/2022/Community/VC/Tools/MSVC/14.36.32532/bin/HostX64/x64/cl.exe 
Build flags: 
Id flags:  

The output was:
0
Оптимизирующий компилятор Microsoft (R) C/C++ версии 19.36.32537 для x64
(C) Корпорация Майкрософт (Microsoft Corporation).  Все права защищены.

CMakeCXXCompilerId.cpp
Microsoft (R) Incremental Linker Version 14.36.32537.0
Copyright (C) Microsoft Corporation.  All rights reserved.

/out:CMakeCXXCompilerId.exe 
CMakeCXXCompilerId.obj 


Compilation of the CXX compiler identification source "CMakeCXXCompilerId.cpp" produced "CMakeCXXCompilerId.exe"

Compilation of the CXX compiler identification source "CMakeCXXCompilerId.cpp" produced "CMakeCXXCompilerId.obj"

The CXX compiler identification is MSVC, found in "C:/C++/Player/2/build-Player2-Desktop_Qt_6_5_2_MSVC2019_64bit-MinSizeRel/CMakeFiles/3.24.2/CompilerIdCXX/CMakeCXXCompilerId.exe"

Detecting CXX compiler ABI info compiled with the following output:
Change Dir: C:/C++/Player/2/build-Player2-Desktop_Qt_6_5_2_MSVC2019_64bit-MinSizeRel/CMakeFiles/CMakeTmp

Run Build Command(s):C:/PROGRA~1/MICROS~3/2022/COMMUN~1/Common7/IDE/COMMON~1/MICROS~1/CMake/Ninja/ninja.exe cmTC_bf390 && [1/2] Building CXX object CMakeFiles\cmTC_bf390.dir\CMakeCXXCompilerABI.cpp.obj
Примечание: включение файла:  D:\C++\Qt\Tools\CMake_64\share\cmake-3.24\Modules\CMakeCompilerABI.h
[2/2] Linking CXX executable cmTC_bf390.exe



Performing C++ SOURCE FILE Test HAVE_STDATOMIC succeeded with the following output:
Change Dir: C:/C++/Player/2/build-Player2-Desktop_Qt_6_5_2_MSVC2019_64bit-MinSizeRel/CMakeFiles/CMakeTmp

Run Build Command(s):C:/PROGRA~1/MICROS~3/2022/COMMUN~1/Common7/IDE/COMMON~1/MICROS~1/CMake/Ninja/ninja.exe cmTC_77257 && [1/2] Building CXX object CMakeFiles\cmTC_77257.dir\src.cxx.obj
Примечание: включение файла:  C:\Program Files\Microsoft Visual Studio\2022\Community\VC\Tools\MSVC\14.36.32532\include\atomic
Примечание: включение файла:   C:\Program Files\Microsoft Visual Studio\2022\Community\VC\Tools\MSVC\14.36.32532\include\yvals.h
Примечание: включение файла:    C:\Program Files\Microsoft Visual Studio\2022\Community\VC\Tools\MSVC\14.36.32532\include\yvals_core.h
Примечание: включение файла:     C:\Program Files\Microsoft Visual Studio\2022\Community\VC\Tools\MSVC\14.36.32532\include\vcruntime.h
Примечание: включение файла:      C:\Program Files\Microsoft Visual Studio\2022\Community\VC\Tools\MSVC\14.36.32532\include\sal.h
Примечание: включение файла:       C:\Program Files\Microsoft Visual Studio\2022\Community\VC\Tools\MSVC\14.36.32532\include\concurrencysal.h
Примечание: включение файла:      C:\Program Files\Microsoft Visual Studio\2022\Community\VC\Tools\MSVC\14.36.32532\include\vadefs.h
Примечание: включение файла:     C:\Program Files\Microsoft Visual Studio\2022\Community\VC\Tools\MSVC\14.36.32532\include\xkeycheck.h
Примечание: включение файла:    C:\Program Files (x86)\Windows Kits\10\include\10.0.22000.0\ucrt\crtdbg.h
Примечание: включение файла:     C:\Program Files (x86)\Windows Kits\10\include\10.0.22000.0\ucrt\corecrt.h
Примечание: включение файла:     C:\Program Files\Microsoft Visual Studio\2022\Community\VC\Tools\MSVC\14.36.32532\include\vcruntime_new_debug.h
Примечание: включение файла:      C:\Program Files\Microsoft Visual Studio\2022\Community\VC\Tools\MSVC\14.36.32532\include\vcruntime_new.h
Примечание: включение файла:    C:\Program Files\Microsoft Visual Studio\2022\Community\VC\Tools\MSVC\14.36.32532\include\crtdefs.h
Примечание: включение файла:    C:\Program Files\Microsoft Visual Studio\2022\Community\VC\Tools\MSVC\14.36.32532\include\use_ansi.h
Примечание: включение файла:   C:\Program Files\Microsoft Visual Studio\2022\Community\VC\Tools\MSVC\14.36.32532\include\cstddef
Примечание: включение файла:    C:\Program Files (x86)\Windows Kits\10\include\10.0.22000.0\ucrt\stddef.h
Примечание: включение файла:    C:\Program Files\Microsoft Visual Studio\2022\Community\VC\Tools\MSVC\14.36.32532\include\xtr1common
Примечание: включение файла:   C:\Program Files\Microsoft Visual Studio\2022\Community\VC\Tools\MSVC\14.36.32532\include\cstdint
Примечание: включение файла:    C:\Program Files\Microsoft Visual Studio\2022\Community\VC\Tools\MSVC\14.36.32532\include\stdint.h
Примечание: включение файла:   C:\Program Files\Microsoft Visual Studio\2022\Community\VC\Tools\MSVC\14.36.32532\include\cstring
Примечание: включение файла:    C:\Program Files (x86)\Windows Kits\10\include\10.0.22000.0\ucrt\string.h
Примечание: включение файла:     C:\Program Files (x86)\Windows Kits\10\include\10.0.22000.0\ucrt\corecrt_memory.h
Примечание: включение файла:      C:\Program Files (x86)\Windows Kits\10\include\10.0.22000.0\ucrt\corecrt_memcpy_s.h
Примечание: включение файла:       C:\Program Files (x86)\Windows Kits\10\include\10.0.22000.0\ucrt\errno.h
Примечание: включение файла:       C:\Program Files\Microsoft Visual Studio\2022\Community\VC\Tools\MSVC\14.36.32532\include\vcruntime_string.h
Примечание: включение файла:     C:\Program Files (x86)\Windows Kits\10\include\10.0.22000.0\ucrt\corecrt_wstring.h
Примечание: включение файла:   C:\Program Files\Microsoft Visual Studio\2022\Community\VC\Tools\MSVC\14.36.32532\include\xatomic.h
Примечание: включение файла:    C:\Program Files\Microsoft Visual Studio\2022\Community\VC\Tools\MSVC\14.36.32532\include\intrin0.h
Примечание: включение файла:     C:\Program Files\Microsoft Visual Studio\2022\Community\VC\Tools\MSVC\14.36.32532\include\intrin0.inl.h
Примечание: включение файла:    C:\Program Files\Microsoft Visual Studio\2022\Community\VC\Tools\MSVC\14.36.32532\include\type_traits
Примечание: включение файла:     C:\Program Files\Microsoft Visual Studio\2022\Community\VC\Tools\MSVC\14.36.32532\include\xstddef
Примечание: включение файла:      C:\Program Files\Microsoft Visual Studio\2022\Community\VC\Tools\MSVC\14.36.32532\include\cstdlib
Примечание: включение файла:       C:\Program Files (x86)\Windows Kits\10\include\10.0.22000.0\ucrt\math.h
Примечание: включение файла:        C:\Program Files (x86)\Windows Kits\10\include\10.0.22000.0\ucrt\corecrt_math.h
Примечание: включение файла:       C:\Program Files (x86)\Windows Kits\10\include\10.0.22000.0\ucrt\stdlib.h
Примечание: включение файла:        C:\Program Files (x86)\Windows Kits\10\include\10.0.22000.0\ucrt\corecrt_malloc.h
Примечание: включение файла:        C:\Program Files (x86)\Windows Kits\10\include\10.0.22000.0\ucrt\corecrt_search.h
Примечание: включение файла:        C:\Program Files (x86)\Windows Kits\10\include\10.0.22000.0\ucrt\corecrt_wstdlib.h
Примечание: включение файла:        C:\Program Files\Microsoft Visual Studio\2022\Community\VC\Tools\MSVC\14.36.32532\include\limits.h
Примечание: включение файла:      C:\Program Files\Microsoft Visual Studio\2022\Community\VC\Tools\MSVC\14.36.32532\include\initializer_list
Примечание: включение файла:   C:\Program Files\Microsoft Visual Studio\2022\Community\VC\Tools\MSVC\14.36.32532\include\xthreads.h
Примечание: включение файла:    C:\Program Files\Microsoft Visual Studio\2022\Community\VC\Tools\MSVC\14.36.32532\include\climits
Примечание: включение файла:    C:\Program Files\Microsoft Visual Studio\2022\Community\VC\Tools\MSVC\14.36.32532\include\xtimec.h
Примечание: включение файла:     C:\Program Files\Microsoft Visual Studio\2022\Community\VC\Tools\MSVC\14.36.32532\include\ctime
Примечание: включение файла:      C:\Program Files (x86)\Windows Kits\10\include\10.0.22000.0\ucrt\time.h
Примечание: включение файла:       C:\Program Files (x86)\Windows Kits\10\include\10.0.22000.0\ucrt\corecrt_wtime.h
[2/2] Linking CXX executable cmTC_77257.exe


Source file was:
#include <atomic>
#include <cstdint>

int main(int, char **)
{
    volatile std::atomic<char>    size_1;
    volatile std::atomic<short>   size_2;
    volatile std::atomic<int>     size_4;
    volatile std::atomic<int64_t> size_8;

    ++size_1;
    ++size_2;
    ++size_4;
    ++size_8;

    (void)size_1.load(std::memory_order_relaxed);
    (void)size_2.load(std::memory_order_relaxed);
    (void)size_4.load(std::memory_order_relaxed);
    (void)size_8.load(std::memory_order_relaxed);

    return 0;
}
