Compiling the C compiler identification source file "CMakeCCompilerId.c" failed.
Compiler: D:/C++/Qt1/Tools/mingw1120_64/bin/gcc.exe 
Build flags: 
Id flags:  

The output was:
1
cc1.exe: fatal error: CMakeCCompilerId.c: No such file or directory
compilation terminated.


Compiling the C compiler identification source file "CMakeCCompilerId.c" failed.
Compiler: D:/C++/Qt1/Tools/mingw1120_64/bin/gcc.exe 
Build flags: 
Id flags: -c 

The output was:
1
cc1.exe: fatal error: CMakeCCompilerId.c: No such file or directory
compilation terminated.


Compiling the C compiler identification source file "CMakeCCompilerId.c" failed.
Compiler: D:/C++/Qt1/Tools/mingw1120_64/bin/gcc.exe 
Build flags: 
Id flags: -Aa 

The output was:
1
<command-line>: error: missing '(' after predicate


